<?xml version="1.0" encoding="UTF-8"?>
<testng-results ignored="0" total="1" passed="1" failed="0" skipped="0">
  <reporter-output>
    <line>
      <![CDATA[Running VerifyText]]>
    </line>
    <line>
      <![CDATA[logout from app]]>
    </line>
    <line>
      <![CDATA[close the browser]]>
    </line>
  </reporter-output>
  <suite started-at="2023-01-11T19:23:46 IST" name="Default suite" finished-at="2023-01-11T19:24:13 IST" duration-ms="27897">
    <groups>
    </groups>
    <test started-at="2023-01-11T19:23:46 IST" name="Default test" finished-at="2023-01-11T19:24:13 IST" duration-ms="27897">
      <class name="pageFactory_TestNG.ClassTest">
        <test-method is-config="true" signature="openBrowser()[pri:0, instance:pageFactory_TestNG.ClassTest@957e06]" started-at="2023-01-11T19:23:46 IST" name="openBrowser" finished-at="2023-01-11T19:24:08 IST" duration-ms="22084" status="PASS">
          <reporter-output>
          </reporter-output>
        </test-method> <!-- openBrowser -->
        <test-method is-config="true" signature="openApp()[pri:0, instance:pageFactory_TestNG.ClassTest@957e06]" started-at="2023-01-11T19:24:08 IST" name="openApp" finished-at="2023-01-11T19:24:08 IST" duration-ms="482" status="PASS">
          <reporter-output>
          </reporter-output>
        </test-method> <!-- openApp -->
        <test-method signature="verifyTest()[pri:0, instance:pageFactory_TestNG.ClassTest@957e06]" started-at="2023-01-11T19:24:08 IST" name="verifyTest" finished-at="2023-01-11T19:24:13 IST" duration-ms="5212" status="PASS">
          <reporter-output>
            <line>
              <![CDATA[Running VerifyText]]>
            </line>
          </reporter-output>
        </test-method> <!-- verifyTest -->
        <test-method is-config="true" signature="logout()[pri:0, instance:pageFactory_TestNG.ClassTest@957e06]" started-at="2023-01-11T19:24:13 IST" name="logout" finished-at="2023-01-11T19:24:13 IST" duration-ms="1" status="PASS">
          <reporter-output>
            <line>
              <![CDATA[logout from app]]>
            </line>
          </reporter-output>
        </test-method> <!-- logout -->
        <test-method is-config="true" signature="closeBrowser()[pri:0, instance:pageFactory_TestNG.ClassTest@957e06]" started-at="2023-01-11T19:24:13 IST" name="closeBrowser" finished-at="2023-01-11T19:24:13 IST" duration-ms="1" status="PASS">
          <reporter-output>
            <line>
              <![CDATA[close the browser]]>
            </line>
          </reporter-output>
        </test-method> <!-- closeBrowser -->
      </class> <!-- pageFactory_TestNG.ClassTest -->
    </test> <!-- Default test -->
  </suite> <!-- Default suite -->
</testng-results>
